<?xml version="1.0" encoding="UTF-8"?>
<!-- Generated by org.testng.reporters.JUnitReportReporter -->
<testsuite hostname="DESKTOP-2R8JBPG" failures="0" tests="1" name="com.hrms.testscripts.TC001" time="308.477" errors="0" timestamp="2023-08-02T11:55:39 IST" skipped="0">
  <testcase classname="com.hrms.testscripts.TC001" name="tc001" time="308.477">
    <system-out>
      <![CDATA[Application opened]]>
    </system-out>
  </testcase> <!-- tc001 -->
  <system-out>
    <![CDATA[Application opened
Application opened]]>
  </system-out>
</testsuite> <!-- com.hrms.testscripts.TC001 -->
