<?xml version="1.0" encoding="UTF-8"?>
<!-- Generated by org.testng.reporters.JUnitReportReporter -->
<testsuite hostname="DESKTOP-2R8JBPG" failures="0" tests="1" name="com.hrms.testscripts.TC002" time="366.257" errors="0" timestamp="2023-08-02T11:55:39 IST" skipped="0">
  <testcase classname="com.hrms.testscripts.TC002" name="tc002" time="366.257">
    <system-out>
      <![CDATA[Application opened]]>
    </system-out>
  </testcase> <!-- tc002 -->
  <system-out>
    <![CDATA[Application opened
Application opened]]>
  </system-out>
</testsuite> <!-- com.hrms.testscripts.TC002 -->
